ARM GAS  C:\Users\GCRIST~1\AppData\Local\Temp\ccHbClcc.s 			page 1


   1              		.syntax unified
   2              		.cpu cortex-m0plus
   3              		.fpu softvfp
   4              		.eabi_attribute 20, 1
   5              		.eabi_attribute 21, 1
   6              		.eabi_attribute 23, 3
   7              		.eabi_attribute 24, 1
   8              		.eabi_attribute 25, 1
   9              		.eabi_attribute 26, 1
  10              		.eabi_attribute 30, 1
  11              		.eabi_attribute 34, 0
  12              		.eabi_attribute 18, 4
  13              		.thumb
  14              		.syntax unified
  15              		.file	"main.c"
  16              		.text
  17              	.Ltext0:
  18              		.cfi_sections	.debug_frame
  19              		.section	.text.init,"ax",%progbits
  20              		.align	2
  21              		.global	init
  22              		.code	16
  23              		.thumb_func
  24              		.type	init, %function
  25              	init:
  26              	.LFB34:
  27              		.file 1 "main.c"
   1:main.c        **** /* ========================================
   2:main.c        ****  *
   3:main.c        ****  * Copyright YOUR COMPANY, THE YEAR
   4:main.c        ****  * All Rights Reserved
   5:main.c        ****  * UNPUBLISHED, LICENSED SOFTWARE.
   6:main.c        ****  *
   7:main.c        ****  * CONFIDENTIAL AND PROPRIETARY INFORMATION
   8:main.c        ****  * WHICH IS THE PROPERTY OF your company.
   9:main.c        ****  *
  10:main.c        ****  * ========================================
  11:main.c        **** */
  12:main.c        **** #include "project.h"
  13:main.c        **** 
  14:main.c        **** #define BUFFER_SIZE 100
  15:main.c        **** #define forever for (;;)
  16:main.c        **** 
  17:main.c        **** #define RELAY_ON 1
  18:main.c        **** #define RELAY_OFF 0
  19:main.c        **** 
  20:main.c        **** void pollUart(void);
  21:main.c        **** void init(void);
  22:main.c        **** void parseCommand(const char *command);
  23:main.c        **** 
  24:main.c        **** int main(void)
  25:main.c        **** {
  26:main.c        **** 
  27:main.c        ****     /* Initializtion */
  28:main.c        ****     init();
  29:main.c        **** 
  30:main.c        ****     /* Main Loop */
ARM GAS  C:\Users\GCRIST~1\AppData\Local\Temp\ccHbClcc.s 			page 2


  31:main.c        ****     forever
  32:main.c        ****     {
  33:main.c        ****         pollUart();
  34:main.c        ****     }
  35:main.c        **** }
  36:main.c        **** 
  37:main.c        **** void init(void)
  38:main.c        **** {
  28              		.loc 1 38 0
  29              		.cfi_startproc
  30              		@ args = 0, pretend = 0, frame = 0
  31              		@ frame_needed = 0, uses_anonymous_args = 0
  32 0000 10B5     		push	{r4, lr}
  33              		.cfi_def_cfa_offset 8
  34              		.cfi_offset 4, -8
  35              		.cfi_offset 14, -4
  39:main.c        ****     UartPC_Start();
  36              		.loc 1 39 0
  37 0002 FFF7FEFF 		bl	UartPC_Start
  38              	.LVL0:
  40:main.c        **** }
  39              		.loc 1 40 0
  40              		@ sp needed
  41 0006 10BD     		pop	{r4, pc}
  42              		.cfi_endproc
  43              	.LFE34:
  44              		.size	init, .-init
  45              		.section	.text.parseCommand,"ax",%progbits
  46              		.align	2
  47              		.global	parseCommand
  48              		.code	16
  49              		.thumb_func
  50              		.type	parseCommand, %function
  51              	parseCommand:
  52              	.LFB35:
  41:main.c        **** 
  42:main.c        **** void parseCommand(const char *command)
  43:main.c        **** {
  53              		.loc 1 43 0
  54              		.cfi_startproc
  55              		@ args = 0, pretend = 0, frame = 0
  56              		@ frame_needed = 0, uses_anonymous_args = 0
  57              	.LVL1:
  58 0000 10B5     		push	{r4, lr}
  59              		.cfi_def_cfa_offset 8
  60              		.cfi_offset 4, -8
  61              		.cfi_offset 14, -4
  62 0002 0400     		movs	r4, r0
  44:main.c        ****     if (!strcmp (command, "on"))
  63              		.loc 1 44 0
  64 0004 1849     		ldr	r1, .L5
  65 0006 FFF7FEFF 		bl	strcmp
  66              	.LVL2:
  67 000a 0028     		cmp	r0, #0
  68 000c 12D1     		bne	.L3
  45:main.c        ****     {
  46:main.c        ****         UartPC_UartPutString("Relay_On");
ARM GAS  C:\Users\GCRIST~1\AppData\Local\Temp\ccHbClcc.s 			page 3


  69              		.loc 1 46 0
  70 000e 1748     		ldr	r0, .L5+4
  71 0010 FFF7FEFF 		bl	UartPC_UartPutString
  72              	.LVL3:
  47:main.c        ****         
  48:main.c        ****         Pin_1_Write(RELAY_ON);
  73              		.loc 1 48 0
  74 0014 0120     		movs	r0, #1
  75 0016 FFF7FEFF 		bl	Pin_1_Write
  76              	.LVL4:
  49:main.c        ****         Pin_2_Write(RELAY_ON);
  77              		.loc 1 49 0
  78 001a 0120     		movs	r0, #1
  79 001c FFF7FEFF 		bl	Pin_2_Write
  80              	.LVL5:
  50:main.c        ****         Pin_3_Write(RELAY_ON);
  81              		.loc 1 50 0
  82 0020 0120     		movs	r0, #1
  83 0022 FFF7FEFF 		bl	Pin_3_Write
  84              	.LVL6:
  51:main.c        ****         Pin_4_Write(RELAY_ON);
  85              		.loc 1 51 0
  86 0026 0120     		movs	r0, #1
  87 0028 FFF7FEFF 		bl	Pin_4_Write
  88              	.LVL7:
  52:main.c        ****         Pin_5_Write(RELAY_ON);
  89              		.loc 1 52 0
  90 002c 0120     		movs	r0, #1
  91 002e FFF7FEFF 		bl	Pin_5_Write
  92              	.LVL8:
  93 0032 17E0     		b	.L2
  94              	.L3:
  53:main.c        ****     }
  54:main.c        ****     else if (!strcmp (command, "off"))
  95              		.loc 1 54 0
  96 0034 0E49     		ldr	r1, .L5+8
  97 0036 2000     		movs	r0, r4
  98 0038 FFF7FEFF 		bl	strcmp
  99              	.LVL9:
 100 003c 0028     		cmp	r0, #0
 101 003e 11D1     		bne	.L2
  55:main.c        ****     {
  56:main.c        ****         UartPC_UartPutString("Relay_Off");
 102              		.loc 1 56 0
 103 0040 0C48     		ldr	r0, .L5+12
 104 0042 FFF7FEFF 		bl	UartPC_UartPutString
 105              	.LVL10:
  57:main.c        **** 
  58:main.c        ****         Pin_1_Write(RELAY_OFF);
 106              		.loc 1 58 0
 107 0046 0020     		movs	r0, #0
 108 0048 FFF7FEFF 		bl	Pin_1_Write
 109              	.LVL11:
  59:main.c        ****         Pin_2_Write(RELAY_OFF);
 110              		.loc 1 59 0
 111 004c 0020     		movs	r0, #0
 112 004e FFF7FEFF 		bl	Pin_2_Write
ARM GAS  C:\Users\GCRIST~1\AppData\Local\Temp\ccHbClcc.s 			page 4


 113              	.LVL12:
  60:main.c        ****         Pin_3_Write(RELAY_OFF);
 114              		.loc 1 60 0
 115 0052 0020     		movs	r0, #0
 116 0054 FFF7FEFF 		bl	Pin_3_Write
 117              	.LVL13:
  61:main.c        ****         Pin_4_Write(RELAY_OFF);
 118              		.loc 1 61 0
 119 0058 0020     		movs	r0, #0
 120 005a FFF7FEFF 		bl	Pin_4_Write
 121              	.LVL14:
  62:main.c        ****         Pin_5_Write(RELAY_OFF); 
 122              		.loc 1 62 0
 123 005e 0020     		movs	r0, #0
 124 0060 FFF7FEFF 		bl	Pin_5_Write
 125              	.LVL15:
 126              	.L2:
  63:main.c        ****     }
  64:main.c        ****     else    
  65:main.c        ****     {
  66:main.c        ****         /* code */
  67:main.c        ****     }
  68:main.c        ****     return;
  69:main.c        **** }
 127              		.loc 1 69 0
 128              		@ sp needed
 129              	.LVL16:
 130 0064 10BD     		pop	{r4, pc}
 131              	.L6:
 132 0066 C046     		.align	2
 133              	.L5:
 134 0068 00000000 		.word	.LC0
 135 006c 04000000 		.word	.LC2
 136 0070 10000000 		.word	.LC4
 137 0074 14000000 		.word	.LC6
 138              		.cfi_endproc
 139              	.LFE35:
 140              		.size	parseCommand, .-parseCommand
 141              		.section	.text.pollUart,"ax",%progbits
 142              		.align	2
 143              		.global	pollUart
 144              		.code	16
 145              		.thumb_func
 146              		.type	pollUart, %function
 147              	pollUart:
 148              	.LFB36:
  70:main.c        **** 
  71:main.c        **** void pollUart()
  72:main.c        **** {
 149              		.loc 1 72 0
 150              		.cfi_startproc
 151              		@ args = 0, pretend = 0, frame = 0
 152              		@ frame_needed = 0, uses_anonymous_args = 0
 153 0000 70B5     		push	{r4, r5, r6, lr}
 154              		.cfi_def_cfa_offset 16
 155              		.cfi_offset 4, -16
 156              		.cfi_offset 5, -12
ARM GAS  C:\Users\GCRIST~1\AppData\Local\Temp\ccHbClcc.s 			page 5


 157              		.cfi_offset 6, -8
 158              		.cfi_offset 14, -4
  73:main.c        ****     static uint8 ch;
  74:main.c        ****     static uint16 rxDataIndex = 0u;
  75:main.c        ****     static uint8 rxData[BUFFER_SIZE];
  76:main.c        ****     static uint8 *rxCommand;
  77:main.c        **** 
  78:main.c        **** 
  79:main.c        ****     /* Get received character or zero if nothing has been received yet */
  80:main.c        ****     ch = UartPC_UartGetChar();
 159              		.loc 1 80 0
 160 0002 FFF7FEFF 		bl	UartPC_UartGetChar
 161              	.LVL17:
 162 0006 C0B2     		uxtb	r0, r0
  81:main.c        ****     if (0u != ch)
 163              		.loc 1 81 0
 164 0008 0028     		cmp	r0, #0
 165 000a 23D0     		beq	.L7
  82:main.c        ****     {
  83:main.c        ****         /* Store the last received char */
  84:main.c        ****         rxData[rxDataIndex] = ch;
 166              		.loc 1 84 0
 167 000c 124B     		ldr	r3, .L12
 168 000e 1A88     		ldrh	r2, [r3]
 169 0010 9B18     		adds	r3, r3, r2
 170 0012 1871     		strb	r0, [r3, #4]
  85:main.c        **** 
  86:main.c        ****         if (ch == '\r')
 171              		.loc 1 86 0
 172 0014 0D28     		cmp	r0, #13
 173 0016 19D1     		bne	.L9
  87:main.c        ****         {
  88:main.c        ****             /* Insert the string terminator character */
  89:main.c        ****             rxData[rxDataIndex] = '\0';
 174              		.loc 1 89 0
 175 0018 0F4C     		ldr	r4, .L12
 176 001a 0025     		movs	r5, #0
 177 001c 1D71     		strb	r5, [r3, #4]
  90:main.c        **** 
  91:main.c        ****             /* Point to buffer */
  92:main.c        ****             rxCommand = rxData;
 178              		.loc 1 92 0
 179 001e 201D     		adds	r0, r4, #4
 180 0020 A066     		str	r0, [r4, #104]
  93:main.c        ****             UartPC_UartPutString((const char *)rxCommand);
 181              		.loc 1 93 0
 182 0022 FFF7FEFF 		bl	UartPC_UartPutString
 183              	.LVL18:
  94:main.c        ****             parseCommand((const char*) rxCommand);
 184              		.loc 1 94 0
 185 0026 A06E     		ldr	r0, [r4, #104]
 186 0028 FFF7FEFF 		bl	parseCommand
 187              	.LVL19:
  95:main.c        **** 
  96:main.c        ****             /* Clear buffer and index */
  97:main.c        ****             for (rxDataIndex = 0; rxDataIndex < BUFFER_SIZE; rxDataIndex++)
 188              		.loc 1 97 0
ARM GAS  C:\Users\GCRIST~1\AppData\Local\Temp\ccHbClcc.s 			page 6


 189 002c 2580     		strh	r5, [r4]
 190 002e 05E0     		b	.L10
 191              	.L11:
  98:main.c        ****             {
  99:main.c        ****                 rxData[rxDataIndex] = 0u;
 192              		.loc 1 99 0 discriminator 3
 193 0030 094A     		ldr	r2, .L12
 194 0032 D118     		adds	r1, r2, r3
 195 0034 0020     		movs	r0, #0
 196 0036 0871     		strb	r0, [r1, #4]
  97:main.c        ****             {
 197              		.loc 1 97 0 discriminator 3
 198 0038 0133     		adds	r3, r3, #1
 199 003a 1380     		strh	r3, [r2]
 200              	.L10:
  97:main.c        ****             {
 201              		.loc 1 97 0 is_stmt 0 discriminator 1
 202 003c 064B     		ldr	r3, .L12
 203 003e 1B88     		ldrh	r3, [r3]
 204 0040 632B     		cmp	r3, #99
 205 0042 F5D9     		bls	.L11
 100:main.c        ****             }
 101:main.c        **** 
 102:main.c        ****             rxDataIndex = -1;
 206              		.loc 1 102 0 is_stmt 1
 207 0044 0122     		movs	r2, #1
 208 0046 5242     		rsbs	r2, r2, #0
 209 0048 034B     		ldr	r3, .L12
 210 004a 1A80     		strh	r2, [r3]
 211              	.L9:
 103:main.c        ****         }
 104:main.c        **** 
 105:main.c        ****         rxDataIndex++;
 212              		.loc 1 105 0
 213 004c 024A     		ldr	r2, .L12
 214 004e 1388     		ldrh	r3, [r2]
 215 0050 0133     		adds	r3, r3, #1
 216 0052 1380     		strh	r3, [r2]
 217              	.L7:
 106:main.c        ****     }
 107:main.c        **** }
 218              		.loc 1 107 0
 219              		@ sp needed
 220 0054 70BD     		pop	{r4, r5, r6, pc}
 221              	.L13:
 222 0056 C046     		.align	2
 223              	.L12:
 224 0058 00000000 		.word	.LANCHOR0
 225              		.cfi_endproc
 226              	.LFE36:
 227              		.size	pollUart, .-pollUart
 228              		.section	.text.main,"ax",%progbits
 229              		.align	2
 230              		.global	main
 231              		.code	16
 232              		.thumb_func
 233              		.type	main, %function
ARM GAS  C:\Users\GCRIST~1\AppData\Local\Temp\ccHbClcc.s 			page 7


 234              	main:
 235              	.LFB33:
  25:main.c        **** 
 236              		.loc 1 25 0
 237              		.cfi_startproc
 238              		@ Volatile: function does not return.
 239              		@ args = 0, pretend = 0, frame = 0
 240              		@ frame_needed = 0, uses_anonymous_args = 0
 241 0000 10B5     		push	{r4, lr}
 242              		.cfi_def_cfa_offset 8
 243              		.cfi_offset 4, -8
 244              		.cfi_offset 14, -4
  28:main.c        **** 
 245              		.loc 1 28 0
 246 0002 FFF7FEFF 		bl	init
 247              	.LVL20:
 248              	.L15:
  33:main.c        ****     }
 249              		.loc 1 33 0 discriminator 1
 250 0006 FFF7FEFF 		bl	pollUart
 251              	.LVL21:
 252 000a FCE7     		b	.L15
 253              		.cfi_endproc
 254              	.LFE33:
 255              		.size	main, .-main
 256              		.section	.rodata.str1.4,"aMS",%progbits,1
 257              		.align	2
 258              	.LC0:
 259 0000 6F6E00   		.ascii	"on\000"
 260 0003 00       		.space	1
 261              	.LC2:
 262 0004 52656C61 		.ascii	"Relay_On\000"
 262      795F4F6E 
 262      00
 263 000d 000000   		.space	3
 264              	.LC4:
 265 0010 6F666600 		.ascii	"off\000"
 266              	.LC6:
 267 0014 52656C61 		.ascii	"Relay_Off\000"
 267      795F4F66 
 267      6600
 268              		.bss
 269              		.align	2
 270              		.set	.LANCHOR0,. + 0
 271              		.type	rxDataIndex.5606, %object
 272              		.size	rxDataIndex.5606, 2
 273              	rxDataIndex.5606:
 274 0000 0000     		.space	2
 275 0002 0000     		.space	2
 276              		.type	rxData.5607, %object
 277              		.size	rxData.5607, 100
 278              	rxData.5607:
 279 0004 00000000 		.space	100
 279      00000000 
 279      00000000 
 279      00000000 
 279      00000000 
ARM GAS  C:\Users\GCRIST~1\AppData\Local\Temp\ccHbClcc.s 			page 8


 280              		.type	rxCommand.5608, %object
 281              		.size	rxCommand.5608, 4
 282              	rxCommand.5608:
 283 0068 00000000 		.space	4
 284              		.text
 285              	.Letext0:
 286              		.file 2 "Generated_Source\\PSoC4/cytypes.h"
 287              		.file 3 "Generated_Source\\PSoC4/UartPC.h"
 288              		.file 4 "c:\\program files (x86)\\cypress\\psoc creator\\4.3\\psoc creator\\import\\gnu\\arm\\5.4.
 289              		.file 5 "Generated_Source\\PSoC4/UartPC_SPI_UART.h"
 290              		.file 6 "Generated_Source\\PSoC4/Pin_1.h"
 291              		.file 7 "Generated_Source\\PSoC4/Pin_2.h"
 292              		.file 8 "Generated_Source\\PSoC4/Pin_3.h"
 293              		.file 9 "Generated_Source\\PSoC4/Pin_4.h"
 294              		.file 10 "Generated_Source\\PSoC4/Pin_5.h"
 295              		.section	.debug_info,"",%progbits
 296              	.Ldebug_info0:
 297 0000 34030000 		.4byte	0x334
 298 0004 0400     		.2byte	0x4
 299 0006 00000000 		.4byte	.Ldebug_abbrev0
 300 000a 04       		.byte	0x4
 301 000b 01       		.uleb128 0x1
 302 000c DD010000 		.4byte	.LASF31
 303 0010 0C       		.byte	0xc
 304 0011 A0010000 		.4byte	.LASF32
 305 0015 C0000000 		.4byte	.LASF33
 306 0019 00000000 		.4byte	.Ldebug_ranges0+0
 307 001d 00000000 		.4byte	0
 308 0021 00000000 		.4byte	.Ldebug_line0
 309 0025 02       		.uleb128 0x2
 310 0026 01       		.byte	0x1
 311 0027 06       		.byte	0x6
 312 0028 6F020000 		.4byte	.LASF0
 313 002c 02       		.uleb128 0x2
 314 002d 01       		.byte	0x1
 315 002e 08       		.byte	0x8
 316 002f 55000000 		.4byte	.LASF1
 317 0033 02       		.uleb128 0x2
 318 0034 02       		.byte	0x2
 319 0035 05       		.byte	0x5
 320 0036 AC010000 		.4byte	.LASF2
 321 003a 02       		.uleb128 0x2
 322 003b 02       		.byte	0x2
 323 003c 07       		.byte	0x7
 324 003d 88000000 		.4byte	.LASF3
 325 0041 02       		.uleb128 0x2
 326 0042 04       		.byte	0x4
 327 0043 05       		.byte	0x5
 328 0044 C8010000 		.4byte	.LASF4
 329 0048 02       		.uleb128 0x2
 330 0049 04       		.byte	0x4
 331 004a 07       		.byte	0x7
 332 004b 76000000 		.4byte	.LASF5
 333 004f 02       		.uleb128 0x2
 334 0050 08       		.byte	0x8
 335 0051 05       		.byte	0x5
 336 0052 92010000 		.4byte	.LASF6
ARM GAS  C:\Users\GCRIST~1\AppData\Local\Temp\ccHbClcc.s 			page 9


 337 0056 02       		.uleb128 0x2
 338 0057 08       		.byte	0x8
 339 0058 07       		.byte	0x7
 340 0059 6B010000 		.4byte	.LASF7
 341 005d 03       		.uleb128 0x3
 342 005e 04       		.byte	0x4
 343 005f 05       		.byte	0x5
 344 0060 696E7400 		.ascii	"int\000"
 345 0064 02       		.uleb128 0x2
 346 0065 04       		.byte	0x4
 347 0066 07       		.byte	0x7
 348 0067 51010000 		.4byte	.LASF8
 349 006b 04       		.uleb128 0x4
 350 006c C2010000 		.4byte	.LASF9
 351 0070 02       		.byte	0x2
 352 0071 F701     		.2byte	0x1f7
 353 0073 2C000000 		.4byte	0x2c
 354 0077 04       		.uleb128 0x4
 355 0078 39010000 		.4byte	.LASF10
 356 007c 02       		.byte	0x2
 357 007d F801     		.2byte	0x1f8
 358 007f 3A000000 		.4byte	0x3a
 359 0083 02       		.uleb128 0x2
 360 0084 04       		.byte	0x4
 361 0085 04       		.byte	0x4
 362 0086 31000000 		.4byte	.LASF11
 363 008a 02       		.uleb128 0x2
 364 008b 08       		.byte	0x8
 365 008c 04       		.byte	0x4
 366 008d B9000000 		.4byte	.LASF12
 367 0091 02       		.uleb128 0x2
 368 0092 01       		.byte	0x1
 369 0093 08       		.byte	0x8
 370 0094 A7010000 		.4byte	.LASF13
 371 0098 02       		.uleb128 0x2
 372 0099 08       		.byte	0x8
 373 009a 04       		.byte	0x4
 374 009b D1010000 		.4byte	.LASF14
 375 009f 02       		.uleb128 0x2
 376 00a0 04       		.byte	0x4
 377 00a1 07       		.byte	0x7
 378 00a2 89010000 		.4byte	.LASF15
 379 00a6 05       		.uleb128 0x5
 380 00a7 04       		.byte	0x4
 381 00a8 AC000000 		.4byte	0xac
 382 00ac 06       		.uleb128 0x6
 383 00ad 91000000 		.4byte	0x91
 384 00b1 05       		.uleb128 0x5
 385 00b2 04       		.byte	0x4
 386 00b3 6B000000 		.4byte	0x6b
 387 00b7 07       		.uleb128 0x7
 388 00b8 20000000 		.4byte	.LASF16
 389 00bc 01       		.byte	0x1
 390 00bd 25       		.byte	0x25
 391 00be 00000000 		.4byte	.LFB34
 392 00c2 08000000 		.4byte	.LFE34-.LFB34
 393 00c6 01       		.uleb128 0x1
ARM GAS  C:\Users\GCRIST~1\AppData\Local\Temp\ccHbClcc.s 			page 10


 394 00c7 9C       		.byte	0x9c
 395 00c8 D6000000 		.4byte	0xd6
 396 00cc 08       		.uleb128 0x8
 397 00cd 06000000 		.4byte	.LVL0
 398 00d1 D2020000 		.4byte	0x2d2
 399 00d5 00       		.byte	0
 400 00d6 07       		.uleb128 0x7
 401 00d7 5E010000 		.4byte	.LASF17
 402 00db 01       		.byte	0x1
 403 00dc 2A       		.byte	0x2a
 404 00dd 00000000 		.4byte	.LFB35
 405 00e1 78000000 		.4byte	.LFE35-.LFB35
 406 00e5 01       		.uleb128 0x1
 407 00e6 9C       		.byte	0x9c
 408 00e7 1D020000 		.4byte	0x21d
 409 00eb 09       		.uleb128 0x9
 410 00ec 18000000 		.4byte	.LASF34
 411 00f0 01       		.byte	0x1
 412 00f1 2A       		.byte	0x2a
 413 00f2 A6000000 		.4byte	0xa6
 414 00f6 00000000 		.4byte	.LLST0
 415 00fa 0A       		.uleb128 0xa
 416 00fb 0A000000 		.4byte	.LVL2
 417 00ff DD020000 		.4byte	0x2dd
 418 0103 17010000 		.4byte	0x117
 419 0107 0B       		.uleb128 0xb
 420 0108 01       		.uleb128 0x1
 421 0109 50       		.byte	0x50
 422 010a 02       		.uleb128 0x2
 423 010b 74       		.byte	0x74
 424 010c 00       		.sleb128 0
 425 010d 0B       		.uleb128 0xb
 426 010e 01       		.uleb128 0x1
 427 010f 51       		.byte	0x51
 428 0110 05       		.uleb128 0x5
 429 0111 03       		.byte	0x3
 430 0112 00000000 		.4byte	.LC0
 431 0116 00       		.byte	0
 432 0117 0A       		.uleb128 0xa
 433 0118 14000000 		.4byte	.LVL3
 434 011c E8020000 		.4byte	0x2e8
 435 0120 2E010000 		.4byte	0x12e
 436 0124 0B       		.uleb128 0xb
 437 0125 01       		.uleb128 0x1
 438 0126 50       		.byte	0x50
 439 0127 05       		.uleb128 0x5
 440 0128 03       		.byte	0x3
 441 0129 04000000 		.4byte	.LC2
 442 012d 00       		.byte	0
 443 012e 0A       		.uleb128 0xa
 444 012f 1A000000 		.4byte	.LVL4
 445 0133 F4020000 		.4byte	0x2f4
 446 0137 41010000 		.4byte	0x141
 447 013b 0B       		.uleb128 0xb
 448 013c 01       		.uleb128 0x1
 449 013d 50       		.byte	0x50
 450 013e 01       		.uleb128 0x1
ARM GAS  C:\Users\GCRIST~1\AppData\Local\Temp\ccHbClcc.s 			page 11


 451 013f 31       		.byte	0x31
 452 0140 00       		.byte	0
 453 0141 0A       		.uleb128 0xa
 454 0142 20000000 		.4byte	.LVL5
 455 0146 FF020000 		.4byte	0x2ff
 456 014a 54010000 		.4byte	0x154
 457 014e 0B       		.uleb128 0xb
 458 014f 01       		.uleb128 0x1
 459 0150 50       		.byte	0x50
 460 0151 01       		.uleb128 0x1
 461 0152 31       		.byte	0x31
 462 0153 00       		.byte	0
 463 0154 0A       		.uleb128 0xa
 464 0155 26000000 		.4byte	.LVL6
 465 0159 0A030000 		.4byte	0x30a
 466 015d 67010000 		.4byte	0x167
 467 0161 0B       		.uleb128 0xb
 468 0162 01       		.uleb128 0x1
 469 0163 50       		.byte	0x50
 470 0164 01       		.uleb128 0x1
 471 0165 31       		.byte	0x31
 472 0166 00       		.byte	0
 473 0167 0A       		.uleb128 0xa
 474 0168 2C000000 		.4byte	.LVL7
 475 016c 15030000 		.4byte	0x315
 476 0170 7A010000 		.4byte	0x17a
 477 0174 0B       		.uleb128 0xb
 478 0175 01       		.uleb128 0x1
 479 0176 50       		.byte	0x50
 480 0177 01       		.uleb128 0x1
 481 0178 31       		.byte	0x31
 482 0179 00       		.byte	0
 483 017a 0A       		.uleb128 0xa
 484 017b 32000000 		.4byte	.LVL8
 485 017f 20030000 		.4byte	0x320
 486 0183 8D010000 		.4byte	0x18d
 487 0187 0B       		.uleb128 0xb
 488 0188 01       		.uleb128 0x1
 489 0189 50       		.byte	0x50
 490 018a 01       		.uleb128 0x1
 491 018b 31       		.byte	0x31
 492 018c 00       		.byte	0
 493 018d 0A       		.uleb128 0xa
 494 018e 3C000000 		.4byte	.LVL9
 495 0192 DD020000 		.4byte	0x2dd
 496 0196 AA010000 		.4byte	0x1aa
 497 019a 0B       		.uleb128 0xb
 498 019b 01       		.uleb128 0x1
 499 019c 50       		.byte	0x50
 500 019d 02       		.uleb128 0x2
 501 019e 74       		.byte	0x74
 502 019f 00       		.sleb128 0
 503 01a0 0B       		.uleb128 0xb
 504 01a1 01       		.uleb128 0x1
 505 01a2 51       		.byte	0x51
 506 01a3 05       		.uleb128 0x5
 507 01a4 03       		.byte	0x3
ARM GAS  C:\Users\GCRIST~1\AppData\Local\Temp\ccHbClcc.s 			page 12


 508 01a5 10000000 		.4byte	.LC4
 509 01a9 00       		.byte	0
 510 01aa 0A       		.uleb128 0xa
 511 01ab 46000000 		.4byte	.LVL10
 512 01af E8020000 		.4byte	0x2e8
 513 01b3 C1010000 		.4byte	0x1c1
 514 01b7 0B       		.uleb128 0xb
 515 01b8 01       		.uleb128 0x1
 516 01b9 50       		.byte	0x50
 517 01ba 05       		.uleb128 0x5
 518 01bb 03       		.byte	0x3
 519 01bc 14000000 		.4byte	.LC6
 520 01c0 00       		.byte	0
 521 01c1 0A       		.uleb128 0xa
 522 01c2 4C000000 		.4byte	.LVL11
 523 01c6 F4020000 		.4byte	0x2f4
 524 01ca D4010000 		.4byte	0x1d4
 525 01ce 0B       		.uleb128 0xb
 526 01cf 01       		.uleb128 0x1
 527 01d0 50       		.byte	0x50
 528 01d1 01       		.uleb128 0x1
 529 01d2 30       		.byte	0x30
 530 01d3 00       		.byte	0
 531 01d4 0A       		.uleb128 0xa
 532 01d5 52000000 		.4byte	.LVL12
 533 01d9 FF020000 		.4byte	0x2ff
 534 01dd E7010000 		.4byte	0x1e7
 535 01e1 0B       		.uleb128 0xb
 536 01e2 01       		.uleb128 0x1
 537 01e3 50       		.byte	0x50
 538 01e4 01       		.uleb128 0x1
 539 01e5 30       		.byte	0x30
 540 01e6 00       		.byte	0
 541 01e7 0A       		.uleb128 0xa
 542 01e8 58000000 		.4byte	.LVL13
 543 01ec 0A030000 		.4byte	0x30a
 544 01f0 FA010000 		.4byte	0x1fa
 545 01f4 0B       		.uleb128 0xb
 546 01f5 01       		.uleb128 0x1
 547 01f6 50       		.byte	0x50
 548 01f7 01       		.uleb128 0x1
 549 01f8 30       		.byte	0x30
 550 01f9 00       		.byte	0
 551 01fa 0A       		.uleb128 0xa
 552 01fb 5E000000 		.4byte	.LVL14
 553 01ff 15030000 		.4byte	0x315
 554 0203 0D020000 		.4byte	0x20d
 555 0207 0B       		.uleb128 0xb
 556 0208 01       		.uleb128 0x1
 557 0209 50       		.byte	0x50
 558 020a 01       		.uleb128 0x1
 559 020b 30       		.byte	0x30
 560 020c 00       		.byte	0
 561 020d 0C       		.uleb128 0xc
 562 020e 64000000 		.4byte	.LVL15
 563 0212 20030000 		.4byte	0x320
 564 0216 0B       		.uleb128 0xb
ARM GAS  C:\Users\GCRIST~1\AppData\Local\Temp\ccHbClcc.s 			page 13


 565 0217 01       		.uleb128 0x1
 566 0218 50       		.byte	0x50
 567 0219 01       		.uleb128 0x1
 568 021a 30       		.byte	0x30
 569 021b 00       		.byte	0
 570 021c 00       		.byte	0
 571 021d 07       		.uleb128 0x7
 572 021e 4C000000 		.4byte	.LASF18
 573 0222 01       		.byte	0x1
 574 0223 47       		.byte	0x47
 575 0224 00000000 		.4byte	.LFB36
 576 0228 5C000000 		.4byte	.LFE36-.LFB36
 577 022c 01       		.uleb128 0x1
 578 022d 9C       		.byte	0x9c
 579 022e 96020000 		.4byte	0x296
 580 0232 0D       		.uleb128 0xd
 581 0233 636800   		.ascii	"ch\000"
 582 0236 01       		.byte	0x1
 583 0237 49       		.byte	0x49
 584 0238 6B000000 		.4byte	0x6b
 585 023c 0E       		.uleb128 0xe
 586 023d 40010000 		.4byte	.LASF19
 587 0241 01       		.byte	0x1
 588 0242 4A       		.byte	0x4a
 589 0243 77000000 		.4byte	0x77
 590 0247 05       		.uleb128 0x5
 591 0248 03       		.byte	0x3
 592 0249 00000000 		.4byte	rxDataIndex.5606
 593 024d 0E       		.uleb128 0xe
 594 024e 9B000000 		.4byte	.LASF20
 595 0252 01       		.byte	0x1
 596 0253 4B       		.byte	0x4b
 597 0254 96020000 		.4byte	0x296
 598 0258 05       		.uleb128 0x5
 599 0259 03       		.byte	0x3
 600 025a 04000000 		.4byte	rxData.5607
 601 025e 0E       		.uleb128 0xe
 602 025f AF000000 		.4byte	.LASF21
 603 0263 01       		.byte	0x1
 604 0264 4C       		.byte	0x4c
 605 0265 B1000000 		.4byte	0xb1
 606 0269 05       		.uleb128 0x5
 607 026a 03       		.byte	0x3
 608 026b 68000000 		.4byte	rxCommand.5608
 609 026f 08       		.uleb128 0x8
 610 0270 06000000 		.4byte	.LVL17
 611 0274 2B030000 		.4byte	0x32b
 612 0278 0A       		.uleb128 0xa
 613 0279 26000000 		.4byte	.LVL18
 614 027d E8020000 		.4byte	0x2e8
 615 0281 8C020000 		.4byte	0x28c
 616 0285 0B       		.uleb128 0xb
 617 0286 01       		.uleb128 0x1
 618 0287 50       		.byte	0x50
 619 0288 02       		.uleb128 0x2
 620 0289 74       		.byte	0x74
 621 028a 04       		.sleb128 4
ARM GAS  C:\Users\GCRIST~1\AppData\Local\Temp\ccHbClcc.s 			page 14


 622 028b 00       		.byte	0
 623 028c 08       		.uleb128 0x8
 624 028d 2C000000 		.4byte	.LVL19
 625 0291 D6000000 		.4byte	0xd6
 626 0295 00       		.byte	0
 627 0296 0F       		.uleb128 0xf
 628 0297 6B000000 		.4byte	0x6b
 629 029b A6020000 		.4byte	0x2a6
 630 029f 10       		.uleb128 0x10
 631 02a0 9F000000 		.4byte	0x9f
 632 02a4 63       		.byte	0x63
 633 02a5 00       		.byte	0
 634 02a6 11       		.uleb128 0x11
 635 02a7 4C010000 		.4byte	.LASF35
 636 02ab 01       		.byte	0x1
 637 02ac 18       		.byte	0x18
 638 02ad 5D000000 		.4byte	0x5d
 639 02b1 00000000 		.4byte	.LFB33
 640 02b5 0C000000 		.4byte	.LFE33-.LFB33
 641 02b9 01       		.uleb128 0x1
 642 02ba 9C       		.byte	0x9c
 643 02bb D2020000 		.4byte	0x2d2
 644 02bf 08       		.uleb128 0x8
 645 02c0 06000000 		.4byte	.LVL20
 646 02c4 B7000000 		.4byte	0xb7
 647 02c8 08       		.uleb128 0x8
 648 02c9 0A000000 		.4byte	.LVL21
 649 02cd 1D020000 		.4byte	0x21d
 650 02d1 00       		.byte	0
 651 02d2 12       		.uleb128 0x12
 652 02d3 A2000000 		.4byte	.LASF22
 653 02d7 A2000000 		.4byte	.LASF22
 654 02db 03       		.byte	0x3
 655 02dc 72       		.byte	0x72
 656 02dd 12       		.uleb128 0x12
 657 02de 82010000 		.4byte	.LASF23
 658 02e2 82010000 		.4byte	.LASF23
 659 02e6 04       		.byte	0x4
 660 02e7 1C       		.byte	0x1c
 661 02e8 13       		.uleb128 0x13
 662 02e9 37000000 		.4byte	.LASF24
 663 02ed 37000000 		.4byte	.LASF24
 664 02f1 05       		.byte	0x5
 665 02f2 2A03     		.2byte	0x32a
 666 02f4 12       		.uleb128 0x12
 667 02f5 7B020000 		.4byte	.LASF25
 668 02f9 7B020000 		.4byte	.LASF25
 669 02fd 06       		.byte	0x6
 670 02fe 33       		.byte	0x33
 671 02ff 12       		.uleb128 0x12
 672 0300 00000000 		.4byte	.LASF26
 673 0304 00000000 		.4byte	.LASF26
 674 0308 07       		.byte	0x7
 675 0309 33       		.byte	0x33
 676 030a 12       		.uleb128 0x12
 677 030b 0C000000 		.4byte	.LASF27
 678 030f 0C000000 		.4byte	.LASF27
ARM GAS  C:\Users\GCRIST~1\AppData\Local\Temp\ccHbClcc.s 			page 15


 679 0313 08       		.byte	0x8
 680 0314 33       		.byte	0x33
 681 0315 12       		.uleb128 0x12
 682 0316 25000000 		.4byte	.LASF28
 683 031a 25000000 		.4byte	.LASF28
 684 031e 09       		.byte	0x9
 685 031f 33       		.byte	0x33
 686 0320 12       		.uleb128 0x12
 687 0321 B6010000 		.4byte	.LASF29
 688 0325 B6010000 		.4byte	.LASF29
 689 0329 0A       		.byte	0xa
 690 032a 33       		.byte	0x33
 691 032b 13       		.uleb128 0x13
 692 032c 63000000 		.4byte	.LASF30
 693 0330 63000000 		.4byte	.LASF30
 694 0334 05       		.byte	0x5
 695 0335 0F03     		.2byte	0x30f
 696 0337 00       		.byte	0
 697              		.section	.debug_abbrev,"",%progbits
 698              	.Ldebug_abbrev0:
 699 0000 01       		.uleb128 0x1
 700 0001 11       		.uleb128 0x11
 701 0002 01       		.byte	0x1
 702 0003 25       		.uleb128 0x25
 703 0004 0E       		.uleb128 0xe
 704 0005 13       		.uleb128 0x13
 705 0006 0B       		.uleb128 0xb
 706 0007 03       		.uleb128 0x3
 707 0008 0E       		.uleb128 0xe
 708 0009 1B       		.uleb128 0x1b
 709 000a 0E       		.uleb128 0xe
 710 000b 55       		.uleb128 0x55
 711 000c 17       		.uleb128 0x17
 712 000d 11       		.uleb128 0x11
 713 000e 01       		.uleb128 0x1
 714 000f 10       		.uleb128 0x10
 715 0010 17       		.uleb128 0x17
 716 0011 00       		.byte	0
 717 0012 00       		.byte	0
 718 0013 02       		.uleb128 0x2
 719 0014 24       		.uleb128 0x24
 720 0015 00       		.byte	0
 721 0016 0B       		.uleb128 0xb
 722 0017 0B       		.uleb128 0xb
 723 0018 3E       		.uleb128 0x3e
 724 0019 0B       		.uleb128 0xb
 725 001a 03       		.uleb128 0x3
 726 001b 0E       		.uleb128 0xe
 727 001c 00       		.byte	0
 728 001d 00       		.byte	0
 729 001e 03       		.uleb128 0x3
 730 001f 24       		.uleb128 0x24
 731 0020 00       		.byte	0
 732 0021 0B       		.uleb128 0xb
 733 0022 0B       		.uleb128 0xb
 734 0023 3E       		.uleb128 0x3e
 735 0024 0B       		.uleb128 0xb
ARM GAS  C:\Users\GCRIST~1\AppData\Local\Temp\ccHbClcc.s 			page 16


 736 0025 03       		.uleb128 0x3
 737 0026 08       		.uleb128 0x8
 738 0027 00       		.byte	0
 739 0028 00       		.byte	0
 740 0029 04       		.uleb128 0x4
 741 002a 16       		.uleb128 0x16
 742 002b 00       		.byte	0
 743 002c 03       		.uleb128 0x3
 744 002d 0E       		.uleb128 0xe
 745 002e 3A       		.uleb128 0x3a
 746 002f 0B       		.uleb128 0xb
 747 0030 3B       		.uleb128 0x3b
 748 0031 05       		.uleb128 0x5
 749 0032 49       		.uleb128 0x49
 750 0033 13       		.uleb128 0x13
 751 0034 00       		.byte	0
 752 0035 00       		.byte	0
 753 0036 05       		.uleb128 0x5
 754 0037 0F       		.uleb128 0xf
 755 0038 00       		.byte	0
 756 0039 0B       		.uleb128 0xb
 757 003a 0B       		.uleb128 0xb
 758 003b 49       		.uleb128 0x49
 759 003c 13       		.uleb128 0x13
 760 003d 00       		.byte	0
 761 003e 00       		.byte	0
 762 003f 06       		.uleb128 0x6
 763 0040 26       		.uleb128 0x26
 764 0041 00       		.byte	0
 765 0042 49       		.uleb128 0x49
 766 0043 13       		.uleb128 0x13
 767 0044 00       		.byte	0
 768 0045 00       		.byte	0
 769 0046 07       		.uleb128 0x7
 770 0047 2E       		.uleb128 0x2e
 771 0048 01       		.byte	0x1
 772 0049 3F       		.uleb128 0x3f
 773 004a 19       		.uleb128 0x19
 774 004b 03       		.uleb128 0x3
 775 004c 0E       		.uleb128 0xe
 776 004d 3A       		.uleb128 0x3a
 777 004e 0B       		.uleb128 0xb
 778 004f 3B       		.uleb128 0x3b
 779 0050 0B       		.uleb128 0xb
 780 0051 27       		.uleb128 0x27
 781 0052 19       		.uleb128 0x19
 782 0053 11       		.uleb128 0x11
 783 0054 01       		.uleb128 0x1
 784 0055 12       		.uleb128 0x12
 785 0056 06       		.uleb128 0x6
 786 0057 40       		.uleb128 0x40
 787 0058 18       		.uleb128 0x18
 788 0059 9742     		.uleb128 0x2117
 789 005b 19       		.uleb128 0x19
 790 005c 01       		.uleb128 0x1
 791 005d 13       		.uleb128 0x13
 792 005e 00       		.byte	0
ARM GAS  C:\Users\GCRIST~1\AppData\Local\Temp\ccHbClcc.s 			page 17


 793 005f 00       		.byte	0
 794 0060 08       		.uleb128 0x8
 795 0061 898201   		.uleb128 0x4109
 796 0064 00       		.byte	0
 797 0065 11       		.uleb128 0x11
 798 0066 01       		.uleb128 0x1
 799 0067 31       		.uleb128 0x31
 800 0068 13       		.uleb128 0x13
 801 0069 00       		.byte	0
 802 006a 00       		.byte	0
 803 006b 09       		.uleb128 0x9
 804 006c 05       		.uleb128 0x5
 805 006d 00       		.byte	0
 806 006e 03       		.uleb128 0x3
 807 006f 0E       		.uleb128 0xe
 808 0070 3A       		.uleb128 0x3a
 809 0071 0B       		.uleb128 0xb
 810 0072 3B       		.uleb128 0x3b
 811 0073 0B       		.uleb128 0xb
 812 0074 49       		.uleb128 0x49
 813 0075 13       		.uleb128 0x13
 814 0076 02       		.uleb128 0x2
 815 0077 17       		.uleb128 0x17
 816 0078 00       		.byte	0
 817 0079 00       		.byte	0
 818 007a 0A       		.uleb128 0xa
 819 007b 898201   		.uleb128 0x4109
 820 007e 01       		.byte	0x1
 821 007f 11       		.uleb128 0x11
 822 0080 01       		.uleb128 0x1
 823 0081 31       		.uleb128 0x31
 824 0082 13       		.uleb128 0x13
 825 0083 01       		.uleb128 0x1
 826 0084 13       		.uleb128 0x13
 827 0085 00       		.byte	0
 828 0086 00       		.byte	0
 829 0087 0B       		.uleb128 0xb
 830 0088 8A8201   		.uleb128 0x410a
 831 008b 00       		.byte	0
 832 008c 02       		.uleb128 0x2
 833 008d 18       		.uleb128 0x18
 834 008e 9142     		.uleb128 0x2111
 835 0090 18       		.uleb128 0x18
 836 0091 00       		.byte	0
 837 0092 00       		.byte	0
 838 0093 0C       		.uleb128 0xc
 839 0094 898201   		.uleb128 0x4109
 840 0097 01       		.byte	0x1
 841 0098 11       		.uleb128 0x11
 842 0099 01       		.uleb128 0x1
 843 009a 31       		.uleb128 0x31
 844 009b 13       		.uleb128 0x13
 845 009c 00       		.byte	0
 846 009d 00       		.byte	0
 847 009e 0D       		.uleb128 0xd
 848 009f 34       		.uleb128 0x34
 849 00a0 00       		.byte	0
ARM GAS  C:\Users\GCRIST~1\AppData\Local\Temp\ccHbClcc.s 			page 18


 850 00a1 03       		.uleb128 0x3
 851 00a2 08       		.uleb128 0x8
 852 00a3 3A       		.uleb128 0x3a
 853 00a4 0B       		.uleb128 0xb
 854 00a5 3B       		.uleb128 0x3b
 855 00a6 0B       		.uleb128 0xb
 856 00a7 49       		.uleb128 0x49
 857 00a8 13       		.uleb128 0x13
 858 00a9 00       		.byte	0
 859 00aa 00       		.byte	0
 860 00ab 0E       		.uleb128 0xe
 861 00ac 34       		.uleb128 0x34
 862 00ad 00       		.byte	0
 863 00ae 03       		.uleb128 0x3
 864 00af 0E       		.uleb128 0xe
 865 00b0 3A       		.uleb128 0x3a
 866 00b1 0B       		.uleb128 0xb
 867 00b2 3B       		.uleb128 0x3b
 868 00b3 0B       		.uleb128 0xb
 869 00b4 49       		.uleb128 0x49
 870 00b5 13       		.uleb128 0x13
 871 00b6 02       		.uleb128 0x2
 872 00b7 18       		.uleb128 0x18
 873 00b8 00       		.byte	0
 874 00b9 00       		.byte	0
 875 00ba 0F       		.uleb128 0xf
 876 00bb 01       		.uleb128 0x1
 877 00bc 01       		.byte	0x1
 878 00bd 49       		.uleb128 0x49
 879 00be 13       		.uleb128 0x13
 880 00bf 01       		.uleb128 0x1
 881 00c0 13       		.uleb128 0x13
 882 00c1 00       		.byte	0
 883 00c2 00       		.byte	0
 884 00c3 10       		.uleb128 0x10
 885 00c4 21       		.uleb128 0x21
 886 00c5 00       		.byte	0
 887 00c6 49       		.uleb128 0x49
 888 00c7 13       		.uleb128 0x13
 889 00c8 2F       		.uleb128 0x2f
 890 00c9 0B       		.uleb128 0xb
 891 00ca 00       		.byte	0
 892 00cb 00       		.byte	0
 893 00cc 11       		.uleb128 0x11
 894 00cd 2E       		.uleb128 0x2e
 895 00ce 01       		.byte	0x1
 896 00cf 3F       		.uleb128 0x3f
 897 00d0 19       		.uleb128 0x19
 898 00d1 03       		.uleb128 0x3
 899 00d2 0E       		.uleb128 0xe
 900 00d3 3A       		.uleb128 0x3a
 901 00d4 0B       		.uleb128 0xb
 902 00d5 3B       		.uleb128 0x3b
 903 00d6 0B       		.uleb128 0xb
 904 00d7 27       		.uleb128 0x27
 905 00d8 19       		.uleb128 0x19
 906 00d9 49       		.uleb128 0x49
ARM GAS  C:\Users\GCRIST~1\AppData\Local\Temp\ccHbClcc.s 			page 19


 907 00da 13       		.uleb128 0x13
 908 00db 8701     		.uleb128 0x87
 909 00dd 19       		.uleb128 0x19
 910 00de 11       		.uleb128 0x11
 911 00df 01       		.uleb128 0x1
 912 00e0 12       		.uleb128 0x12
 913 00e1 06       		.uleb128 0x6
 914 00e2 40       		.uleb128 0x40
 915 00e3 18       		.uleb128 0x18
 916 00e4 9742     		.uleb128 0x2117
 917 00e6 19       		.uleb128 0x19
 918 00e7 01       		.uleb128 0x1
 919 00e8 13       		.uleb128 0x13
 920 00e9 00       		.byte	0
 921 00ea 00       		.byte	0
 922 00eb 12       		.uleb128 0x12
 923 00ec 2E       		.uleb128 0x2e
 924 00ed 00       		.byte	0
 925 00ee 3F       		.uleb128 0x3f
 926 00ef 19       		.uleb128 0x19
 927 00f0 3C       		.uleb128 0x3c
 928 00f1 19       		.uleb128 0x19
 929 00f2 6E       		.uleb128 0x6e
 930 00f3 0E       		.uleb128 0xe
 931 00f4 03       		.uleb128 0x3
 932 00f5 0E       		.uleb128 0xe
 933 00f6 3A       		.uleb128 0x3a
 934 00f7 0B       		.uleb128 0xb
 935 00f8 3B       		.uleb128 0x3b
 936 00f9 0B       		.uleb128 0xb
 937 00fa 00       		.byte	0
 938 00fb 00       		.byte	0
 939 00fc 13       		.uleb128 0x13
 940 00fd 2E       		.uleb128 0x2e
 941 00fe 00       		.byte	0
 942 00ff 3F       		.uleb128 0x3f
 943 0100 19       		.uleb128 0x19
 944 0101 3C       		.uleb128 0x3c
 945 0102 19       		.uleb128 0x19
 946 0103 6E       		.uleb128 0x6e
 947 0104 0E       		.uleb128 0xe
 948 0105 03       		.uleb128 0x3
 949 0106 0E       		.uleb128 0xe
 950 0107 3A       		.uleb128 0x3a
 951 0108 0B       		.uleb128 0xb
 952 0109 3B       		.uleb128 0x3b
 953 010a 05       		.uleb128 0x5
 954 010b 00       		.byte	0
 955 010c 00       		.byte	0
 956 010d 00       		.byte	0
 957              		.section	.debug_loc,"",%progbits
 958              	.Ldebug_loc0:
 959              	.LLST0:
 960 0000 00000000 		.4byte	.LVL1
 961 0004 09000000 		.4byte	.LVL2-1
 962 0008 0100     		.2byte	0x1
 963 000a 50       		.byte	0x50
ARM GAS  C:\Users\GCRIST~1\AppData\Local\Temp\ccHbClcc.s 			page 20


 964 000b 09000000 		.4byte	.LVL2-1
 965 000f 64000000 		.4byte	.LVL16
 966 0013 0100     		.2byte	0x1
 967 0015 54       		.byte	0x54
 968 0016 64000000 		.4byte	.LVL16
 969 001a 78000000 		.4byte	.LFE35
 970 001e 0400     		.2byte	0x4
 971 0020 F3       		.byte	0xf3
 972 0021 01       		.uleb128 0x1
 973 0022 50       		.byte	0x50
 974 0023 9F       		.byte	0x9f
 975 0024 00000000 		.4byte	0
 976 0028 00000000 		.4byte	0
 977              		.section	.debug_aranges,"",%progbits
 978 0000 34000000 		.4byte	0x34
 979 0004 0200     		.2byte	0x2
 980 0006 00000000 		.4byte	.Ldebug_info0
 981 000a 04       		.byte	0x4
 982 000b 00       		.byte	0
 983 000c 0000     		.2byte	0
 984 000e 0000     		.2byte	0
 985 0010 00000000 		.4byte	.LFB34
 986 0014 08000000 		.4byte	.LFE34-.LFB34
 987 0018 00000000 		.4byte	.LFB35
 988 001c 78000000 		.4byte	.LFE35-.LFB35
 989 0020 00000000 		.4byte	.LFB36
 990 0024 5C000000 		.4byte	.LFE36-.LFB36
 991 0028 00000000 		.4byte	.LFB33
 992 002c 0C000000 		.4byte	.LFE33-.LFB33
 993 0030 00000000 		.4byte	0
 994 0034 00000000 		.4byte	0
 995              		.section	.debug_ranges,"",%progbits
 996              	.Ldebug_ranges0:
 997 0000 00000000 		.4byte	.LFB34
 998 0004 08000000 		.4byte	.LFE34
 999 0008 00000000 		.4byte	.LFB35
 1000 000c 78000000 		.4byte	.LFE35
 1001 0010 00000000 		.4byte	.LFB36
 1002 0014 5C000000 		.4byte	.LFE36
 1003 0018 00000000 		.4byte	.LFB33
 1004 001c 0C000000 		.4byte	.LFE33
 1005 0020 00000000 		.4byte	0
 1006 0024 00000000 		.4byte	0
 1007              		.section	.debug_line,"",%progbits
 1008              	.Ldebug_line0:
 1009 0000 84010000 		.section	.debug_str,"MS",%progbits,1
 1009      02000D01 
 1009      00000201 
 1009      FB0E0D00 
 1009      01010101 
 1010              	.LASF26:
 1011 0000 50696E5F 		.ascii	"Pin_2_Write\000"
 1011      325F5772 
 1011      69746500 
 1012              	.LASF27:
 1013 000c 50696E5F 		.ascii	"Pin_3_Write\000"
 1013      335F5772 
ARM GAS  C:\Users\GCRIST~1\AppData\Local\Temp\ccHbClcc.s 			page 21


 1013      69746500 
 1014              	.LASF34:
 1015 0018 636F6D6D 		.ascii	"command\000"
 1015      616E6400 
 1016              	.LASF16:
 1017 0020 696E6974 		.ascii	"init\000"
 1017      00
 1018              	.LASF28:
 1019 0025 50696E5F 		.ascii	"Pin_4_Write\000"
 1019      345F5772 
 1019      69746500 
 1020              	.LASF11:
 1021 0031 666C6F61 		.ascii	"float\000"
 1021      7400
 1022              	.LASF24:
 1023 0037 55617274 		.ascii	"UartPC_UartPutString\000"
 1023      50435F55 
 1023      61727450 
 1023      75745374 
 1023      72696E67 
 1024              	.LASF18:
 1025 004c 706F6C6C 		.ascii	"pollUart\000"
 1025      55617274 
 1025      00
 1026              	.LASF1:
 1027 0055 756E7369 		.ascii	"unsigned char\000"
 1027      676E6564 
 1027      20636861 
 1027      7200
 1028              	.LASF30:
 1029 0063 55617274 		.ascii	"UartPC_UartGetChar\000"
 1029      50435F55 
 1029      61727447 
 1029      65744368 
 1029      617200
 1030              	.LASF5:
 1031 0076 6C6F6E67 		.ascii	"long unsigned int\000"
 1031      20756E73 
 1031      69676E65 
 1031      6420696E 
 1031      7400
 1032              	.LASF3:
 1033 0088 73686F72 		.ascii	"short unsigned int\000"
 1033      7420756E 
 1033      7369676E 
 1033      65642069 
 1033      6E7400
 1034              	.LASF20:
 1035 009b 72784461 		.ascii	"rxData\000"
 1035      746100
 1036              	.LASF22:
 1037 00a2 55617274 		.ascii	"UartPC_Start\000"
 1037      50435F53 
 1037      74617274 
 1037      00
 1038              	.LASF21:
 1039 00af 7278436F 		.ascii	"rxCommand\000"
ARM GAS  C:\Users\GCRIST~1\AppData\Local\Temp\ccHbClcc.s 			page 22


 1039      6D6D616E 
 1039      6400
 1040              	.LASF12:
 1041 00b9 646F7562 		.ascii	"double\000"
 1041      6C6500
 1042              	.LASF33:
 1043 00c0 433A5C55 		.ascii	"C:\\Users\\gcristini\\OneDrive - Datalogic S.p.a\\D"
 1043      73657273 
 1043      5C676372 
 1043      69737469 
 1043      6E695C4F 
 1044 00ef 6174615C 		.ascii	"ata\\PhytonWorkspace\\AutomatedBatterySwap\\PSOC4\\"
 1044      50687974 
 1044      6F6E576F 
 1044      726B7370 
 1044      6163655C 
 1045 011e 4175746F 		.ascii	"AutomatedBatterySwap.cydsn\000"
 1045      6D617465 
 1045      64426174 
 1045      74657279 
 1045      53776170 
 1046              	.LASF10:
 1047 0139 75696E74 		.ascii	"uint16\000"
 1047      313600
 1048              	.LASF19:
 1049 0140 72784461 		.ascii	"rxDataIndex\000"
 1049      7461496E 
 1049      64657800 
 1050              	.LASF35:
 1051 014c 6D61696E 		.ascii	"main\000"
 1051      00
 1052              	.LASF8:
 1053 0151 756E7369 		.ascii	"unsigned int\000"
 1053      676E6564 
 1053      20696E74 
 1053      00
 1054              	.LASF17:
 1055 015e 70617273 		.ascii	"parseCommand\000"
 1055      65436F6D 
 1055      6D616E64 
 1055      00
 1056              	.LASF7:
 1057 016b 6C6F6E67 		.ascii	"long long unsigned int\000"
 1057      206C6F6E 
 1057      6720756E 
 1057      7369676E 
 1057      65642069 
 1058              	.LASF23:
 1059 0182 73747263 		.ascii	"strcmp\000"
 1059      6D7000
 1060              	.LASF15:
 1061 0189 73697A65 		.ascii	"sizetype\000"
 1061      74797065 
 1061      00
 1062              	.LASF6:
 1063 0192 6C6F6E67 		.ascii	"long long int\000"
 1063      206C6F6E 
ARM GAS  C:\Users\GCRIST~1\AppData\Local\Temp\ccHbClcc.s 			page 23


 1063      6720696E 
 1063      7400
 1064              	.LASF32:
 1065 01a0 6D61696E 		.ascii	"main.c\000"
 1065      2E6300
 1066              	.LASF13:
 1067 01a7 63686172 		.ascii	"char\000"
 1067      00
 1068              	.LASF2:
 1069 01ac 73686F72 		.ascii	"short int\000"
 1069      7420696E 
 1069      7400
 1070              	.LASF29:
 1071 01b6 50696E5F 		.ascii	"Pin_5_Write\000"
 1071      355F5772 
 1071      69746500 
 1072              	.LASF9:
 1073 01c2 75696E74 		.ascii	"uint8\000"
 1073      3800
 1074              	.LASF4:
 1075 01c8 6C6F6E67 		.ascii	"long int\000"
 1075      20696E74 
 1075      00
 1076              	.LASF14:
 1077 01d1 6C6F6E67 		.ascii	"long double\000"
 1077      20646F75 
 1077      626C6500 
 1078              	.LASF31:
 1079 01dd 474E5520 		.ascii	"GNU C11 5.4.1 20160609 (release) [ARM/embedded-5-br"
 1079      43313120 
 1079      352E342E 
 1079      31203230 
 1079      31363036 
 1080 0210 616E6368 		.ascii	"anch revision 237715] -mcpu=cortex-m0plus -mthumb -"
 1080      20726576 
 1080      6973696F 
 1080      6E203233 
 1080      37373135 
 1081 0243 67202D4F 		.ascii	"g -Og -ffunction-sections -ffat-lto-objects\000"
 1081      67202D66 
 1081      66756E63 
 1081      74696F6E 
 1081      2D736563 
 1082              	.LASF0:
 1083 026f 7369676E 		.ascii	"signed char\000"
 1083      65642063 
 1083      68617200 
 1084              	.LASF25:
 1085 027b 50696E5F 		.ascii	"Pin_1_Write\000"
 1085      315F5772 
 1085      69746500 
 1086              		.ident	"GCC: (GNU Tools for ARM Embedded Processors) 5.4.1 20160609 (release) [ARM/embedded-5-bran
