--------------- Build Started: 07/03/2020 18:38:37 Project: AutomatedBatterySwap, Configuration: ARM GCC 5.4-2016-q2-update Debug ---------------
cydsfit.exe -.appdatapath "C:\Users\gcristini\AppData\Local\Cypress Semiconductor\PSoC Creator\4.3" -.fdsnotice -.fdswarpdepfile=warp_dependencies.txt -.fdselabdepfile=elab_dependencies.txt -.fdsbldfile=generated_files.txt -.fdsreffile=referenced_files.txt -p "C:\Users\gcristini\OneDrive - Datalogic S.p.a\Data\PhytonWorkspace\AutomatedBatterySwap\PSOC4\AutomatedBatterySwap.cydsn\AutomatedBatterySwap.cyprj" -d CY8C4145LQI-PS433 -s "C:\Users\gcristini\OneDrive - Datalogic S.p.a\Data\PhytonWorkspace\AutomatedBatterySwap\PSOC4\AutomatedBatterySwap.cydsn\Generated_Source\PSoC4" -- -yv2 -q10 -ygs -o2 -v3 -.fftcfgtype=LE
Elaborating Design...
HDL Generation...
Synthesis...
Tech Mapping...
Analog Placement...
Analog Routing...
Analog Code Generation...
Digital Placement...
Digital Routing...
Bitstream Generation...
Bitstream Verification...
Static timing analysis...
API Generation...
Dependency Generation...
Cleanup...
arm-none-eabi-gcc.exe -mcpu=cortex-m0plus -mthumb -I. -IGenerated_Source\PSoC4 -Wa,-alh=.\CortexM0p\ARM_GCC_541\Debug/main.lst -g -D DEBUG -D CY_CORE_ID=0 -Wall -ffunction-sections -ffat-lto-objects -Og -c main.c -o .\CortexM0p\ARM_GCC_541\Debug\main.o
arm-none-eabi-ar.exe -rs .\CortexM0p\ARM_GCC_541\Debug\AutomatedBatterySwap.a .\CortexM0p\ARM_GCC_541\Debug\Pin_1.o .\CortexM0p\ARM_GCC_541\Debug\Pin_1_PM.o .\CortexM0p\ARM_GCC_541\Debug\Pin_2.o .\CortexM0p\ARM_GCC_541\Debug\Pin_2_PM.o .\CortexM0p\ARM_GCC_541\Debug\Pin_3.o .\CortexM0p\ARM_GCC_541\Debug\Pin_3_PM.o .\CortexM0p\ARM_GCC_541\Debug\Pin_4.o .\CortexM0p\ARM_GCC_541\Debug\Pin_4_PM.o .\CortexM0p\ARM_GCC_541\Debug\Pin_5.o .\CortexM0p\ARM_GCC_541\Debug\Pin_5_PM.o .\CortexM0p\ARM_GCC_541\Debug\UartPC.o .\CortexM0p\ARM_GCC_541\Debug\UartPC_SPI_UART.o .\CortexM0p\ARM_GCC_541\Debug\UartPC_SPI_UART_INT.o .\CortexM0p\ARM_GCC_541\Debug\UartPC_PM.o .\CortexM0p\ARM_GCC_541\Debug\UartPC_UART.o .\CortexM0p\ARM_GCC_541\Debug\UartPC_BOOT.o .\CortexM0p\ARM_GCC_541\Debug\UartPC_UART_BOOT.o .\CortexM0p\ARM_GCC_541\Debug\UartPC_SCBCLK.o .\CortexM0p\ARM_GCC_541\Debug\UartPC_tx.o .\CortexM0p\ARM_GCC_541\Debug\UartPC_tx_PM.o .\CortexM0p\ARM_GCC_541\Debug\UartPC_rx.o .\CortexM0p\ARM_GCC_541\Debug\UartPC_rx_PM.o .\CortexM0p\ARM_GCC_541\Debug\CyFlash.o .\CortexM0p\ARM_GCC_541\Debug\CyLib.o .\CortexM0p\ARM_GCC_541\Debug\cyPm.o .\CortexM0p\ARM_GCC_541\Debug\cyutils.o .\CortexM0p\ARM_GCC_541\Debug\CyDMA.o .\CortexM0p\ARM_GCC_541\Debug\CyLFClk.o .\CortexM0p\ARM_GCC_541\Debug\cy_em_eeprom.o .\CortexM0p\ARM_GCC_541\Debug\CyBootAsmGnu.o
arm-none-eabi-ar.exe: creating .\CortexM0p\ARM_GCC_541\Debug\AutomatedBatterySwap.a
arm-none-eabi-gcc.exe -Wl,--start-group -o "C:\Users\gcristini\OneDrive - Datalogic S.p.a\Data\PhytonWorkspace\AutomatedBatterySwap\PSOC4\AutomatedBatterySwap.cydsn\CortexM0p\ARM_GCC_541\Debug\AutomatedBatterySwap.elf" .\CortexM0p\ARM_GCC_541\Debug\main.o .\CortexM0p\ARM_GCC_541\Debug\cyfitter_cfg.o .\CortexM0p\ARM_GCC_541\Debug\cymetadata.o .\CortexM0p\ARM_GCC_541\Debug\Cm0plusStart.o .\CortexM0p\ARM_GCC_541\Debug\AutomatedBatterySwap.a -mcpu=cortex-m0plus -mthumb -L Generated_Source\PSoC4 -Wl,-Map,.\CortexM0p\ARM_GCC_541\Debug/AutomatedBatterySwap.map -T Generated_Source\PSoC4\cm0plusgcc.ld -specs=nano.specs -Wl,--gc-sections -g -ffunction-sections -Og -ffat-lto-objects -Wl,--end-group
cyelftool.exe -C "C:\Users\gcristini\OneDrive - Datalogic S.p.a\Data\PhytonWorkspace\AutomatedBatterySwap\PSOC4\AutomatedBatterySwap.cydsn\CortexM0p\ARM_GCC_541\Debug\AutomatedBatterySwap.elf" --flash_row_size 128 --flash_size 32768 --flash_offset 0x00000000
No ELF section .cychecksum found, creating one
Application checksum calculated and stored in ELF section .cychecksum
Checksum calculated and stored in ELF section .cymeta
cyelftool.exe -S "C:\Users\gcristini\OneDrive - Datalogic S.p.a\Data\PhytonWorkspace\AutomatedBatterySwap\PSOC4\AutomatedBatterySwap.cydsn\CortexM0p\ARM_GCC_541\Debug\AutomatedBatterySwap.elf"
Flash used: 2464 of 32768 bytes (7,5%).
SRAM used: 1612 of 4096 bytes (39,4%). Stack: 1024 bytes. Heap: 128 bytes.
--------------- Build Succeeded: 07/03/2020 18:38:42 ---------------
